

Processing TwitlinesController#public (for 127.0.0.1 at 2009-12-30 19:26:08) [GET]
Completed in 828ms (View: 95, DB: 0) | 200 OK [http://localhost/twitlines/public]


Processing TwitlinesController#public (for 127.0.0.1 at 2009-12-30 19:44:35) [GET]


Processing TwitlinesController#public (for 127.0.0.1 at 2009-12-30 20:40:09) [GET]

NameError (undefined local variable or method `twitter_call' for #<TwitlinesController:0x24f9d70>):
  app/controllers/twitlines_controller.rb:11:in `public'

Rendered rescues/_trace (185.9ms)
Rendered rescues/_request_and_response (69.8ms)
Rendering rescues/layout (internal_server_error)


Processing TwitlinesController#public (for 127.0.0.1 at 2009-12-30 20:41:15) [GET]
Completed in 867ms (View: 79, DB: 0) | 200 OK [http://localhost/twitlines/public]


Processing ApplicationController#index (for 127.0.0.1 at 2009-12-30 21:21:46) [GET]

ActionController::RoutingError (No route matches "/twitlines/twitlines.html" with {:method=>:get}):
  

Rendering rescues/layout (not_found)


Processing TwitlinesController#twitlines (for 127.0.0.1 at 2009-12-30 21:21:55) [GET]
Rendering twitlines/twitlines
Completed in 372ms (View: 371, DB: 0) | 200 OK [http://localhost/twitlines/twitlines]


Processing TwitlinesController#twitlines (for 127.0.0.1 at 2009-12-30 21:23:58) [GET]
Rendering twitlines/twitlines
Completed in 4ms (View: 3, DB: 0) | 200 OK [http://localhost/twitlines/twitlines]


Processing ApplicationController#index (for 127.0.0.1 at 2009-12-30 21:24:46) [GET]
  Parameters: {"0"=>nil}

ActionController::RoutingError (No route matches "/twitlines/__history__.html" with {:method=>:get}):
  

Rendering rescues/layout (not_found)


Processing ApplicationController#index (for 127.0.0.1 at 2009-12-30 21:24:47) [GET]

ActionController::RoutingError (No route matches "/twitlines/twitter.json" with {:method=>:get}):
  

Rendering rescues/layout (not_found)


Processing TwitlinesController#twitlines (for 127.0.0.1 at 2009-12-30 21:25:45) [GET]
Rendering twitlines/twitlines
Completed in 3ms (View: 1, DB: 0) | 200 OK [http://localhost/twitlines/twitlines]


Processing ApplicationController#index (for 127.0.0.1 at 2009-12-30 21:26:09) [GET]
  Parameters: {"0"=>nil}

ActionController::RoutingError (No route matches "/twitlines/__history__.html" with {:method=>:get}):
  

Rendering rescues/layout (not_found)


Processing TwitlinesController#twitlines (for 127.0.0.1 at 2009-12-30 21:26:09) [GET]
  Parameters: {"id"=>"public"}
Rendering twitlines/twitlines
Completed in 2ms (View: 1, DB: 0) | 200 OK [http://localhost/twitlines/twitlines/public]


Processing TwitlinesController#public (for 127.0.0.1 at 2009-12-30 21:27:11) [GET]
Completed in 1334ms (View: 5, DB: 0) | 200 OK [http://localhost/twitlines/public]


Processing TwitlinesController#public (for 127.0.0.1 at 2009-12-30 21:27:52) [GET]
Completed in 664ms (View: 5, DB: 0) | 200 OK [http://localhost/twitlines/public]


Processing TwitlinesController#public (for 127.0.0.1 at 2009-12-30 21:29:44) [GET]
Completed in 1071ms (View: 4, DB: 0) | 200 OK [http://localhost/twitlines/public]


Processing TwitlinesController#twitlines (for 127.0.0.1 at 2009-12-30 21:31:31) [GET]
Rendering twitlines/twitlines
Completed in 4ms (View: 1, DB: 0) | 200 OK [http://localhost/twitlines/twitlines]


Processing ApplicationController#index (for 127.0.0.1 at 2009-12-30 21:31:53) [GET]
  Parameters: {"0"=>nil}

ActionController::RoutingError (No route matches "/twitlines/__history__.html" with {:method=>:get}):
  

Rendering rescues/layout (not_found)


Processing TwitlinesController#twitlines (for 127.0.0.1 at 2009-12-30 21:31:53) [GET]
  Parameters: {"id"=>"public"}
Rendering twitlines/twitlines
Completed in 3ms (View: 1, DB: 0) | 200 OK [http://localhost/twitlines/twitlines/public]


Processing TwitlinesController#public (for 127.0.0.1 at 2009-12-30 21:34:37) [GET]
Completed in 1047ms (View: 3, DB: 0) | 200 OK [http://localhost/twitlines/public]


Processing TwitlinesController#twitlines (for 127.0.0.1 at 2009-12-30 21:35:36) [GET]
Rendering twitlines/twitlines
Completed in 3ms (View: 1, DB: 0) | 200 OK [http://localhost/twitlines/twitlines]


Processing ApplicationController#index (for 127.0.0.1 at 2009-12-30 21:35:49) [GET]
  Parameters: {"0"=>nil}

ActionController::RoutingError (No route matches "/twitlines/__history__.html" with {:method=>:get}):
  

Rendering rescues/layout (not_found)


Processing TwitlinesController#public (for 127.0.0.1 at 2009-12-30 21:35:49) [GET]
Completed in 894ms (View: 17, DB: 0) | 200 OK [http://localhost/twitlines/public]


Processing OauthController#connect (for 127.0.0.1 at 2009-12-30 23:03:02) [GET]

NameError (uninitialized class variable @@config in OauthController):
  app/controllers/oauth_controller.rb:8:in `make_client'

Rendered rescues/_trace (53.2ms)
Rendered rescues/_request_and_response (1.6ms)
Rendering rescues/layout (internal_server_error)


Processing OauthController#connect (for 127.0.0.1 at 2009-12-30 23:09:25) [GET]

OAuth::Unauthorized (401 Unauthorized):
  oauth (0.3.6) lib/oauth/consumer.rb:200:in `token_request'
  oauth (0.3.6) lib/oauth/consumer.rb:128:in `get_request_token'
  /Library/Ruby/Gems/1.8/gems/twitter_oauth-0.3.2/lib/twitter_oauth/client.rb:47:in `request_token'
  app/controllers/oauth_controller.rb:16:in `connect'

Rendered rescues/_trace (69.9ms)
Rendered rescues/_request_and_response (0.5ms)
Rendering rescues/layout (internal_server_error)


Processing OauthController#connect (for 127.0.0.1 at 2009-12-30 23:13:16) [GET]

NoMethodError (undefined method `redirect' for #<OauthController:0x257798c>):
  app/controllers/oauth_controller.rb:19:in `connect'

Rendered rescues/_trace (31.6ms)
Rendered rescues/_request_and_response (1.5ms)
Rendering rescues/layout (internal_server_error)


Processing OauthController#connect (for 127.0.0.1 at 2009-12-30 23:14:05) [GET]
Redirected to http://twitter.com/oauth/authenticate?oauth_token=ltMa19piAlfE38Z3xogs8kJvdbv6mPPQouPdv2Q6M
Completed in 222ms (DB: 0) | 302 Found [http://localhost/connect]


Processing OauthController#connect (for 127.0.0.1 at 2009-12-30 23:23:21) [GET]

Net::HTTPFatalError (503 "Service Temporarily Unavailable"):
  /System/Library/Frameworks/Ruby.framework/Versions/1.8/usr/lib/ruby/1.8/net/http.rb:2097:in `error!'
  oauth (0.3.6) lib/oauth/consumer.rb:202:in `token_request'
  oauth (0.3.6) lib/oauth/consumer.rb:128:in `get_request_token'
  /Library/Ruby/Gems/1.8/gems/twitter_oauth-0.3.2/lib/twitter_oauth/client.rb:47:in `request_token'
  app/controllers/oauth_controller.rb:16:in `connect'

Rendered rescues/_trace (118.3ms)
Rendered rescues/_request_and_response (0.6ms)
Rendering rescues/layout (internal_server_error)


Processing TwitlinesController#twitlines (for 127.0.0.1 at 2009-12-30 23:23:32) [GET]
Rendering twitlines/twitlines
Completed in 56ms (View: 54, DB: 0) | 200 OK [http://localhost/twitlines/twitlines]


Processing ApplicationController#index (for 127.0.0.1 at 2009-12-30 23:23:59) [GET]
  Parameters: {"0"=>nil}

ActionController::RoutingError (No route matches "/twitlines/__history__.html" with {:method=>:get}):
  

Rendering rescues/layout (not_found)


Processing TwitlinesController#public (for 127.0.0.1 at 2009-12-30 23:23:59) [GET]
Completed in 502ms (View: 5, DB: 0) | 200 OK [http://localhost/twitlines/public]


Processing OauthController#connect (for 127.0.0.1 at 2009-12-30 23:24:13) [GET]
Redirected to http://twitter.com/oauth/authenticate?oauth_token=oGeQnRX4AbOKqf4M31DgQigc7waSQEuZc7PdPlfACY
Completed in 234ms (DB: 0) | 302 Found [http://localhost/connect]


Processing TwitlinesController#twitlines (for 127.0.0.1 at 2009-12-30 23:25:30) [GET]
Rendering twitlines/twitlines
Completed in 4ms (View: 1, DB: 0) | 200 OK [http://localhost/twitlines/twitlines]


Processing ApplicationController#index (for 127.0.0.1 at 2009-12-30 23:25:50) [GET]
  Parameters: {"0"=>nil}

ActionController::RoutingError (No route matches "/twitlines/__history__.html" with {:method=>:get}):
  

Rendering rescues/layout (not_found)


Processing TwitlinesController#public (for 127.0.0.1 at 2009-12-30 23:25:50) [GET]
Completed in 636ms (View: 6, DB: 0) | 200 OK [http://localhost/twitlines/public]


Processing OauthController#connect (for 127.0.0.1 at 2009-12-30 23:25:55) [GET]
Redirected to http://twitter.com/oauth/authenticate?oauth_token=k7yp5b4bTdWfUVf1lmmaHoeNli9nFcmtDxuFYL0Mg
Completed in 169ms (DB: 0) | 302 Found [http://localhost/connect]


Processing OauthController#oauth_callback (for 127.0.0.1 at 2009-12-30 23:26:11) [GET]
  Parameters: {"oauth_token"=>"k7yp5b4bTdWfUVf1lmmaHoeNli9nFcmtDxuFYL0Mg", "oauth_verifier"=>"YtVBaKMuG3Y0NtmScaG2vUw4n9oFbtAozF6iDOzIRXE"}
Redirected to http://localhost:3000/timeline
Completed in 510ms (DB: 0) | 302 Found [http://localhost/oauth_callback?oauth_token=k7yp5b4bTdWfUVf1lmmaHoeNli9nFcmtDxuFYL0Mg&oauth_verifier=YtVBaKMuG3Y0NtmScaG2vUw4n9oFbtAozF6iDOzIRXE]


Processing ApplicationController#index (for 127.0.0.1 at 2009-12-30 23:26:12) [GET]

ActionController::RoutingError (No route matches "/timeline" with {:method=>:get}):
  

Rendering rescues/layout (not_found)


Processing ApplicationController#index (for 127.0.0.1 at 2009-12-30 23:45:11) [GET]

ActionController::RoutingError (No route matches "/timeline" with {:method=>:get}):
  /Library/Ruby/Gems/1.8/gems/ruby-debug-ide-0.3.4/lib/ruby-debug.rb:96:in `debug_load'
  /Library/Ruby/Gems/1.8/gems/ruby-debug-ide-0.3.4/lib/ruby-debug.rb:96:in `main'
  /Library/Ruby/Gems/1.8/gems/ruby-debug-ide-0.3.4/bin/rdebug-ide:76
  /usr/bin/rdebug-ide:19:in `load'
  /usr/bin/rdebug-ide:19

Rendering rescues/layout (not_found)


Processing TwitlinesController#index (for 127.0.0.1 at 2009-12-30 23:45:30) [GET]

ActionController::UnknownAction (No action responded to index. Actions: break_string, home, linkify_string, public, search, timeline_entry, timeline_entry_text, twitter_public, twitter_search, twitter_search_event, and twitter_timeline_event):
  /Library/Ruby/Gems/1.8/gems/ruby-debug-ide-0.3.4/lib/ruby-debug.rb:96:in `debug_load'
  /Library/Ruby/Gems/1.8/gems/ruby-debug-ide-0.3.4/lib/ruby-debug.rb:96:in `main'
  /Library/Ruby/Gems/1.8/gems/ruby-debug-ide-0.3.4/bin/rdebug-ide:76
  /usr/bin/rdebug-ide:19:in `load'
  /usr/bin/rdebug-ide:19

Rendering rescues/layout (not_found)


Processing TwitlinesController#twitlines (for 127.0.0.1 at 2009-12-30 23:45:51) [GET]
Rendering twitlines/twitlines
Completed in 12ms (View: 10, DB: 0) | 200 OK [http://localhost/twitlines/twitlines]


Processing ApplicationController#index (for 127.0.0.1 at 2009-12-30 23:46:30) [GET]
  Parameters: {"0"=>nil}

ActionController::RoutingError (No route matches "/twitlines/__history__.html" with {:method=>:get}):
  /Library/Ruby/Gems/1.8/gems/ruby-debug-ide-0.3.4/lib/ruby-debug.rb:96:in `debug_load'
  /Library/Ruby/Gems/1.8/gems/ruby-debug-ide-0.3.4/lib/ruby-debug.rb:96:in `main'
  /Library/Ruby/Gems/1.8/gems/ruby-debug-ide-0.3.4/bin/rdebug-ide:76
  /usr/bin/rdebug-ide:19:in `load'
  /usr/bin/rdebug-ide:19

Rendering rescues/layout (not_found)


Processing TwitlinesController#public (for 127.0.0.1 at 2009-12-30 23:46:30) [GET]
Completed in 699ms (View: 6, DB: 0) | 200 OK [http://localhost/twitlines/public]


Processing OauthController#connect (for 127.0.0.1 at 2009-12-30 23:46:48) [GET]
Redirected to http://twitter.com/oauth/authenticate?oauth_token=FbBsr5MzIs4DQtkDstnRLfeXYxfrSZcCcCtmkWtWk
Completed in 231ms (DB: 0) | 302 Found [http://localhost/connect]


Processing OauthController#oauth_callback (for 127.0.0.1 at 2009-12-30 23:46:49) [GET]
  Parameters: {"oauth_token"=>"FbBsr5MzIs4DQtkDstnRLfeXYxfrSZcCcCtmkWtWk", "oauth_verifier"=>"p2mGPIznAhg1xN1VE8X3dui10bjyanGnboNHxhI"}
